Change Component Designator: Old Designator=D1 New Designator=D2
Change Component Designator: Old Designator=D1 New Designator=D3
Change Component Designator: Old Designator=D1 New Designator=D4
Change Component Designator: Old Designator=K New Designator=K1
Change Component Designator: Old Designator=K New Designator=K2
Change Component Designator: Old Designator=K New Designator=K3
Change Component Designator: Old Designator=K New Designator=K4
Change Component Designator: Old Designator=LED New Designator=LED1
Change Component Designator: Old Designator=LED New Designator=LED2
Change Component Designator: Old Designator=LED New Designator=LED3
Change Component Designator: Old Designator=LED New Designator=LED4
Change Component Designator: Old Designator=POUT2 New Designator=POUT1
Change Component Designator: Old Designator=POUT2 New Designator=POUT3
Change Component Designator: Old Designator=POUT2 New Designator=POUT5
Change Component Designator: Old Designator=POUT2 New Designator=POUT7
Change Component Designator: Old Designator=POUT3 New Designator=POUT2
Change Component Designator: Old Designator=POUT3 New Designator=POUT4
Change Component Designator: Old Designator=POUT3 New Designator=POUT6
Change Component Designator: Old Designator=POUT3 New Designator=POUT8
Change Component Designator: Old Designator=Q1 New Designator=Q2
Change Component Designator: Old Designator=Q1 New Designator=Q3
Change Component Designator: Old Designator=Q1 New Designator=Q4
Change Component Designator: Old Designator=R1 New Designator=R3
Change Component Designator: Old Designator=R1 New Designator=R5
Change Component Designator: Old Designator=R1 New Designator=R7
Change Component Designator: Old Designator=R2 New Designator=R4
Change Component Designator: Old Designator=R2 New Designator=R6
Change Component Designator: Old Designator=R2 New Designator=R8
Change Component Designator: Old Designator=U10 New Designator=U1
Change Component Designator: Old Designator=U10 New Designator=U2
Change Component Designator: Old Designator=U10 New Designator=U3
Change Component Designator: Old Designator=U10 New Designator=U4
